Case #1: dfgthxdfgthxqhxhxdfgtqhxqhxqqvthzvow
Case #2: brorejctwwdaekggrmehclfuophnejwvynrdkylwyszt
Case #3: bbldkndhnrnnabbrnnaldkrnnazeabbbbzeabbzea
Case #4: duzklvrawqrc
Case #5: aimallazucdmabatgbteluunoiqrvpcrxrghsywnthqxgkgwoqgw
Case #6: blpblpndtclpndtcrwwwbwwwrwww
Case #7: cwvswrheepfwggwgyonraikjeampdizqbotbnoazzsyyxcoj
Case #8: bgorlllxorbkkupvnqreogzpbegsripeqmnyohtkczlqafvkzzfgtobzxfqmteh
Case #9: axcyaxcyminpaxminpszitaxminpzitaxzit
Case #10: ehhsmhehhsmhihsmhixgehxgixgxnfc
Case #11: qfyufmufmuqfyufmuuqfyuvmcuvmcz
Case #12: dlhcncdvqgfhezrcvscgzwwjsdwkctejevnajabkqvswqxz
Case #13: csmzjcxepgptfdcnkrncvkcoumevwvpvaxbyqoexwujwp
Case #14: aedzhujjcekgpmbjektqimdtwopkayncoklkcyyfqebh
Case #15: bejfhmzczeghqktnqliaolpoazvpsdflrqxwdrvkorigcmutgcsjwfaua
Case #16: cupfacebookforhackerstudentsstudious
Case #17: itqsgpwzekahulakmamwxtfyhpncgzgbo
Case #18: fbjbkcbtqmyrzwdyhvpojiirespzdfuxfhrqtdkoukbomypkffomylzbwqkbuu
Case #19: crmiccrmcrmiccrmcrmiccrmicmwpodocrmodosil
Case #20: eavcqvveidqnarthtevhlpurmkfqnotpesgphnnlqtwyuhztvu
